<?xml version="1.0" encoding="UTF-8"?>
<!-- Generated by org.testng.reporters.JUnitReportReporter -->
<testsuite hostname="DESKTOP-HN7CVRU" failures="0" tests="3" name="mypack.Test1" time="3.630" errors="0" timestamp="2023-08-20T12:21:27 IST" skipped="0">
  <testcase classname="mypack.Test1" name="method1" time="2.400"/>
  <system-out/>
  <testcase classname="mypack.Test1" name="method2" time="1.132"/>
  <system-out>
    <![CDATA[Site is opened]]>
  </system-out>
  <testcase classname="mypack.Test1" name="method3" time="0.098"/>
  <system-out/>
</testsuite> <!-- mypack.Test1 -->
